<?xml version="1.0" encoding="UTF-8"?>
<testsuite xmlns:xsi="http://www.w3.org/2001/XMLSchema-instance" xsi:noNamespaceSchemaLocation="https://maven.apache.org/surefire/maven-surefire-plugin/xsd/surefire-test-report.xsd" name="com.xy.inc.controller.PointOfInterestControllerTest" time="37.999" tests="3" errors="0" skipped="0" failures="0">
  <properties>
[...]
</properties>
  <testcase name="createPoint200Test" classname="com.xy.inc.controller.PointOfInterestControllerTest" time="1.875"/>
  <testcase name="getPointDetail200Test" classname="com.xy.inc.controller.PointOfInterestControllerTest" time="0.077"/>
  <testcase name="getPointPagination200Test" classname="com.xy.inc.controller.PointOfInterestControllerTest" time="0.232"/>
</testsuite>